Actualizar Todo Aqui/ProyectoCuy/app/build/intermediates/manifest_merge_blame_file/debug/manifest-merger-blame-debug-report.txt
1<?xml version="1.0" encoding="utf-8"?>
2<manifest xmlns:android="http://schemas.android.com/apk/res/android"
3    package="com.example.proyectocuy"
4    android:versionCode="1"
5    android:versionName="1.0" >
6
7    <uses-sdk
8        android:minSdkVersion="23"
8-->src\main\AndroidManifest.xml
9        android:targetSdkVersion="30" />
9-->src\main\AndroidManifest.xml
10
11    <uses-permission android:name="android.permission.INTERNET" />
11-->src\main\AndroidManifest.xml:5:5-67
11-->src\main\AndroidManifest.xml:5:22-64
12    <uses-permission android:name="android.permission.WRITE_EXTERNAL_STORAGE" />
12-->src\main\AndroidManifest.xml:6:5-81
12-->src\main\AndroidManifest.xml:6:22-78
13    <uses-permission android:name="android.permission.READ_EXTERNAL_STORAGE" />
13-->src\main\AndroidManifest.xml:7:5-80
13-->src\main\AndroidManifest.xml:7:22-77
14
15    <application
15-->src\main\AndroidManifest.xml:9:5-47:19
16        android:allowBackup="true"
16-->src\main\AndroidManifest.xml:10:9-35
17        android:appComponentFactory="androidx.core.app.CoreComponentFactory"
17-->[androidx.core:core:1.3.1] AndroidManifest.xml:24:18-86
18        android:debuggable="true"
19        android:extractNativeLibs="false"
20        android:icon="@mipmap/ic_launcher"
20-->src\main\AndroidManifest.xml:11:9-43
21        android:label="@string/app_name"
21-->src\main\AndroidManifest.xml:12:9-41
22        android:roundIcon="@mipmap/ic_launcher_round"
22-->src\main\AndroidManifest.xml:13:9-54
23        android:supportsRtl="true"
23-->src\main\AndroidManifest.xml:14:9-35
24        android:testOnly="true"
25        android:theme="@style/Theme.AppCompat.Light.NoActionBar" >
25-->src\main\AndroidManifest.xml:15:9-65
26        <activity android:name="com.example.proyectocuy.ReporteCuyPoza" />
26-->src\main\AndroidManifest.xml:16:9-61
26-->src\main\AndroidManifest.xml:16:19-49
27        <activity android:name="com.example.proyectocuy.VistaPDFCuy" />
27-->src\main\AndroidManifest.xml:17:9-49
27-->src\main\AndroidManifest.xml:17:19-46
28        <activity android:name="com.example.proyectocuy.MenuReportes" />
28-->src\main\AndroidManifest.xml:18:9-50
28-->src\main\AndroidManifest.xml:18:19-47
29        <activity android:name="com.example.proyectocuy.VistaActividades" />
29-->src\main\AndroidManifest.xml:19:9-54
29-->src\main\AndroidManifest.xml:19:19-51
30        <activity android:name="com.example.proyectocuy.AgregarActividad" />
30-->src\main\AndroidManifest.xml:20:9-54
30-->src\main\AndroidManifest.xml:20:19-51
31        <activity android:name="com.example.proyectocuy.Calendario" />
31-->src\main\AndroidManifest.xml:21:9-48
31-->src\main\AndroidManifest.xml:21:19-45
32        <activity android:name="com.example.proyectocuy.MenuPozasRecria" />
32-->src\main\AndroidManifest.xml:22:9-53
32-->src\main\AndroidManifest.xml:22:19-50
33        <activity android:name="com.example.proyectocuy.MenuPozasEngorde" />
33-->src\main\AndroidManifest.xml:23:9-54
33-->src\main\AndroidManifest.xml:23:19-51
34        <activity android:name="com.example.proyectocuy.MenuPozasPadrillo" />
34-->src\main\AndroidManifest.xml:24:9-55
34-->src\main\AndroidManifest.xml:24:19-52
35        <activity android:name="com.example.proyectocuy.MenuPozasEmpadre" />
35-->src\main\AndroidManifest.xml:25:9-54
35-->src\main\AndroidManifest.xml:25:19-51
36        <activity android:name="com.example.proyectocuy.MenuPozas" />
36-->src\main\AndroidManifest.xml:26:9-47
36-->src\main\AndroidManifest.xml:26:19-44
37        <activity android:name="com.example.proyectocuy.C_RegistroPozas" />
37-->src\main\AndroidManifest.xml:27:9-53
37-->src\main\AndroidManifest.xml:27:19-50
38        <activity android:name="com.example.proyectocuy.MenuPrincipal" />
38-->src\main\AndroidManifest.xml:28:9-51
38-->src\main\AndroidManifest.xml:28:19-48
39        <activity android:name="com.example.proyectocuy.PozPadrilloRecomend" />
39-->src\main\AndroidManifest.xml:29:9-57
39-->src\main\AndroidManifest.xml:29:19-54
40        <activity android:name="com.example.proyectocuy.PozRecriaRecomend" />
40-->src\main\AndroidManifest.xml:30:9-55
40-->src\main\AndroidManifest.xml:30:19-52
41        <activity android:name="com.example.proyectocuy.PozEngordeRecomend" />
41-->src\main\AndroidManifest.xml:31:9-56
41-->src\main\AndroidManifest.xml:31:19-53
42        <activity android:name="com.example.proyectocuy.PozEmpadreRecomend" />
42-->src\main\AndroidManifest.xml:32:9-56
42-->src\main\AndroidManifest.xml:32:19-53
43        <activity android:name="com.example.proyectocuy.DistribucionRecomendado" />
43-->src\main\AndroidManifest.xml:33:9-61
43-->src\main\AndroidManifest.xml:33:19-58
44        <activity android:name="com.example.proyectocuy.RegistroCuy" />
44-->src\main\AndroidManifest.xml:34:9-49
44-->src\main\AndroidManifest.xml:34:19-46
45        <activity android:name="com.example.proyectocuy.ConsultarUsuario" />
45-->src\main\AndroidManifest.xml:35:9-54
45-->src\main\AndroidManifest.xml:35:19-51
46        <activity android:name="com.example.proyectocuy.Usuario" />
46-->src\main\AndroidManifest.xml:36:9-45
46-->src\main\AndroidManifest.xml:36:19-42
47        <activity android:name="com.example.proyectocuy.ContrasenaOlvidada" />
47-->src\main\AndroidManifest.xml:37:9-56
47-->src\main\AndroidManifest.xml:37:19-53
48        <activity android:name="com.example.proyectocuy.InicioCorreo" />
48-->src\main\AndroidManifest.xml:38:9-50
48-->src\main\AndroidManifest.xml:38:19-47
49        <activity android:name="com.example.proyectocuy.Splash" >
49-->src\main\AndroidManifest.xml:39:9-45:20
49-->src\main\AndroidManifest.xml:39:19-41
50            <intent-filter>
50-->src\main\AndroidManifest.xml:40:13-44:29
51                <action android:name="android.intent.action.MAIN" />
51-->src\main\AndroidManifest.xml:41:17-69
51-->src\main\AndroidManifest.xml:41:25-66
52
53                <category android:name="android.intent.category.LAUNCHER" />
53-->src\main\AndroidManifest.xml:43:17-77
53-->src\main\AndroidManifest.xml:43:27-74
54            </intent-filter>
55        </activity>
56        <activity android:name="com.example.proyectocuy.MainActivity" />
56-->src\main\AndroidManifest.xml:46:9-50
56-->src\main\AndroidManifest.xml:46:19-47
57        <activity
57-->[com.google.android.gms:play-services-auth:18.1.0] AndroidManifest.xml:23:9-27:75
58            android:name="com.google.android.gms.auth.api.signin.internal.SignInHubActivity"
58-->[com.google.android.gms:play-services-auth:18.1.0] AndroidManifest.xml:24:13-93
59            android:excludeFromRecents="true"
59-->[com.google.android.gms:play-services-auth:18.1.0] AndroidManifest.xml:25:13-46
60            android:exported="false"
60-->[com.google.android.gms:play-services-auth:18.1.0] AndroidManifest.xml:26:13-37
61            android:theme="@android:style/Theme.Translucent.NoTitleBar" />
61-->[com.google.android.gms:play-services-auth:18.1.0] AndroidManifest.xml:27:13-72
62        <!--
63            Service handling Google Sign-In user revocation. For apps that do not integrate with
64            Google Sign-In, this service will never be started.
65        -->
66        <service
66-->[com.google.android.gms:play-services-auth:18.1.0] AndroidManifest.xml:33:9-37:51
67            android:name="com.google.android.gms.auth.api.signin.RevocationBoundService"
67-->[com.google.android.gms:play-services-auth:18.1.0] AndroidManifest.xml:34:13-89
68            android:exported="true"
68-->[com.google.android.gms:play-services-auth:18.1.0] AndroidManifest.xml:35:13-36
69            android:permission="com.google.android.gms.auth.api.signin.permission.REVOCATION_NOTIFICATION"
69-->[com.google.android.gms:play-services-auth:18.1.0] AndroidManifest.xml:36:13-107
70            android:visibleToInstantApps="true" />
70-->[com.google.android.gms:play-services-auth:18.1.0] AndroidManifest.xml:37:13-48
71
72        <activity
72-->[com.google.android.gms:play-services-base:17.1.0] AndroidManifest.xml:23:9-26:75
73            android:name="com.google.android.gms.common.api.GoogleApiActivity"
73-->[com.google.android.gms:play-services-base:17.1.0] AndroidManifest.xml:24:13-79
74            android:exported="false"
74-->[com.google.android.gms:play-services-base:17.1.0] AndroidManifest.xml:25:13-37
75            android:theme="@android:style/Theme.Translucent.NoTitleBar" />
75-->[com.google.android.gms:play-services-base:17.1.0] AndroidManifest.xml:26:13-72
76
77        <meta-data
77-->[com.google.android.gms:play-services-basement:17.1.1] AndroidManifest.xml:23:9-25:69
78            android:name="com.google.android.gms.version"
78-->[com.google.android.gms:play-services-basement:17.1.1] AndroidManifest.xml:24:13-58
79            android:value="@integer/google_play_services_version" />
79-->[com.google.android.gms:play-services-basement:17.1.1] AndroidManifest.xml:25:13-66
80    </application>
81
82</manifest>